Determining if the pthread_create exist failed with the following output:
Change Dir: /home/doom/odom_aid/ORB_SLAM2/Examples/ROS/ORB_SLAM2/build/CMakeFiles/CMakeTmp

Run Build Command:"/usr/bin/make" "cmTC_45554/fast"
/usr/bin/make -f CMakeFiles/cmTC_45554.dir/build.make CMakeFiles/cmTC_45554.dir/build
make[1]: Entering directory '/home/doom/odom_aid/ORB_SLAM2/Examples/ROS/ORB_SLAM2/build/CMakeFiles/CMakeTmp'
Building C object CMakeFiles/cmTC_45554.dir/CheckSymbolExists.c.o
/usr/bin/cc     -o CMakeFiles/cmTC_45554.dir/CheckSymbolExists.c.o   -c /home/doom/odom_aid/ORB_SLAM2/Examples/ROS/ORB_SLAM2/build/CMakeFiles/CMakeTmp/CheckSymbolExists.c
Linking C executable cmTC_45554
/usr/bin/cmake -E cmake_link_script CMakeFiles/cmTC_45554.dir/link.txt --verbose=1
/usr/bin/cc       CMakeFiles/cmTC_45554.dir/CheckSymbolExists.c.o  -o cmTC_45554 -rdynamic 
CMakeFiles/cmTC_45554.dir/CheckSymbolExists.c.o：在函数‘main’中：
CheckSymbolExists.c:(.text+0x16)：对‘pthread_create’未定义的引用
collect2: error: ld returned 1 exit status
CMakeFiles/cmTC_45554.dir/build.make:97: recipe for target 'cmTC_45554' failed
make[1]: *** [cmTC_45554] Error 1
make[1]: Leaving directory '/home/doom/odom_aid/ORB_SLAM2/Examples/ROS/ORB_SLAM2/build/CMakeFiles/CMakeTmp'
Makefile:126: recipe for target 'cmTC_45554/fast' failed
make: *** [cmTC_45554/fast] Error 2

File /home/doom/odom_aid/ORB_SLAM2/Examples/ROS/ORB_SLAM2/build/CMakeFiles/CMakeTmp/CheckSymbolExists.c:
/* */
#include <pthread.h>

int main(int argc, char** argv)
{
  (void)argv;
#ifndef pthread_create
  return ((int*)(&pthread_create))[argc];
#else
  (void)argc;
  return 0;
#endif
}

Determining if the function pthread_create exists in the pthreads failed with the following output:
Change Dir: /home/doom/odom_aid/ORB_SLAM2/Examples/ROS/ORB_SLAM2/build/CMakeFiles/CMakeTmp

Run Build Command:"/usr/bin/make" "cmTC_ecfd7/fast"
/usr/bin/make -f CMakeFiles/cmTC_ecfd7.dir/build.make CMakeFiles/cmTC_ecfd7.dir/build
make[1]: Entering directory '/home/doom/odom_aid/ORB_SLAM2/Examples/ROS/ORB_SLAM2/build/CMakeFiles/CMakeTmp'
Building C object CMakeFiles/cmTC_ecfd7.dir/CheckFunctionExists.c.o
/usr/bin/cc    -DCHECK_FUNCTION_EXISTS=pthread_create   -o CMakeFiles/cmTC_ecfd7.dir/CheckFunctionExists.c.o   -c /usr/share/cmake-3.5/Modules/CheckFunctionExists.c
Linking C executable cmTC_ecfd7
/usr/bin/cmake -E cmake_link_script CMakeFiles/cmTC_ecfd7.dir/link.txt --verbose=1
/usr/bin/cc   -DCHECK_FUNCTION_EXISTS=pthread_create    CMakeFiles/cmTC_ecfd7.dir/CheckFunctionExists.c.o  -o cmTC_ecfd7 -rdynamic -lpthreads 
/usr/bin/ld: 找不到 -lpthreads
collect2: error: ld returned 1 exit status
CMakeFiles/cmTC_ecfd7.dir/build.make:97: recipe for target 'cmTC_ecfd7' failed
make[1]: *** [cmTC_ecfd7] Error 1
make[1]: Leaving directory '/home/doom/odom_aid/ORB_SLAM2/Examples/ROS/ORB_SLAM2/build/CMakeFiles/CMakeTmp'
Makefile:126: recipe for target 'cmTC_ecfd7/fast' failed
make: *** [cmTC_ecfd7/fast] Error 2


